Project Information                                          f:\lll666\bjq.rpt

MAX+plus II Compiler Report File
Version 10.2 07/10/2002
Compiled: 06/23/2016 14:34:14

Copyright (C) 1988-2002 Altera Corporation
Any megafunction design, and related net list (encrypted or decrypted),
support information, device programming or simulation file, and any other
associated documentation or information provided by Altera or a partner
under Altera's Megafunction Partnership Program may be used only to
program PLD devices (but not masked PLD devices) from Altera.  Any other
use of such megafunction design, net list, support information, device
programming or simulation file, or any other related documentation or
information is prohibited for any other purpose, including, but not
limited to modification, reverse engineering, de-compiling, or use with
any other silicon devices, unless such use is explicitly licensed under
a separate agreement with Altera or a megafunction partner.  Title to
the intellectual property, including patents, copyrights, trademarks,
trade secrets, or maskworks, embodied in any such megafunction design,
net list, support information, device programming or simulation file, or
any other related documentation or information provided by Altera or a
megafunction partner, remains with Altera, the megafunction partner, or
their respective licensors.  No other licenses, including any licenses
needed under any third party's intellectual property, are provided herein.



***** Project compilation was successful




** DEVICE SUMMARY **

Chip/                     Input   Output   Bidir         Shareable
POF       Device          Pins    Pins     Pins     LCs  Expanders  % Utilized

bjq       EPM7128SLC84-15  1        14       0      16      16          12 %

User Pins:                 1        14       0  



Project Information                                          f:\lll666\bjq.rpt

** PIN/LOCATION/CHIP ASSIGNMENTS **

                  Actual                  
    User       Assignments                
Assignments   (if different)     Node Name

bjq@12                            cp
bjq@35                            G
bjq@45                            G1
bjq@67                            Q0A
bjq@68                            Q0B
bjq@69                            Q0C
bjq@70                            Q0D
bjq@61                            Q1A
bjq@63                            Q1B
bjq@64                            Q1C
bjq@65                            Q1D
bjq@33                            R
bjq@39                            R1
bjq@34                            Y
bjq@41                            Y1


Project Information                                          f:\lll666\bjq.rpt

** FILE HIERARCHY **



|74107:5|
|74192:23|
|74192:53|


Device-Specific Information:                                 f:\lll666\bjq.rpt
bjq

***** Logic for device 'bjq' compiled without errors.




Device: EPM7128SLC84-15

Device Options:
    Turbo Bit                                    = ON
    Security Bit                                 = OFF
    Enable JTAG Support                        = ON
    User Code                                  = ffff
    MultiVolt I/O                              = OFF

              R  R  R  R     R  R  R                    R  R  R     R  R  R  
              E  E  E  E     E  E  E                    E  E  E     E  E  E  
              S  S  S  S     S  S  S  V                 S  S  S     S  S  S  
              E  E  E  E     E  E  E  C                 E  E  E  V  E  E  E  
              R  R  R  R     R  R  R  C                 R  R  R  C  R  R  R  
              V  V  V  V  G  V  V  V  I  G  G  G  G  G  V  V  V  C  V  V  V  
              E  E  E  E  N  E  E  E  N  N  N  N  N  N  E  E  E  I  E  E  E  
              D  D  D  D  D  D  D  D  T  D  D  D  D  D  D  D  D  O  D  D  D  
            -----------------------------------------------------------------_ 
          /  11 10  9  8  7  6  5  4  3  2  1 84 83 82 81 80 79 78 77 76 75   | 
      cp | 12                                                              74 | RESERVED 
   VCCIO | 13                                                              73 | RESERVED 
    #TDI | 14                                                              72 | GND 
RESERVED | 15                                                              71 | #TDO 
RESERVED | 16                                                              70 | Q0D 
RESERVED | 17                                                              69 | Q0C 
RESERVED | 18                                                              68 | Q0B 
     GND | 19                                                              67 | Q0A 
RESERVED | 20                                                              66 | VCCIO 
RESERVED | 21                                                              65 | Q1D 
RESERVED | 22                       EPM7128SLC84-15                        64 | Q1C 
    #TMS | 23                                                              63 | Q1B 
RESERVED | 24                                                              62 | #TCK 
RESERVED | 25                                                              61 | Q1A 
   VCCIO | 26                                                              60 | RESERVED 
RESERVED | 27                                                              59 | GND 
RESERVED | 28                                                              58 | RESERVED 
RESERVED | 29                                                              57 | RESERVED 
RESERVED | 30                                                              56 | RESERVED 
RESERVED | 31                                                              55 | RESERVED 
     GND | 32                                                              54 | RESERVED 
         |_  33 34 35 36 37 38 39 40 41 42 43 44 45 46 47 48 49 50 51 52 53  _| 
           ------------------------------------------------------------------ 
              R  Y  G  R  R  V  R  R  Y  G  V  R  G  R  G  R  R  R  R  R  V  
                       E  E  C  1  E  1  N  C  E  1  E  N  E  E  E  E  E  C  
                       S  S  C     S     D  C  S     S  D  S  S  S  S  S  C  
                       E  E  I     E        I  E     E     E  E  E  E  E  I  
                       R  R  O     R        N  R     R     R  R  R  R  R  O  
                       V  V        V        T  V     V     V  V  V  V  V     
                       E  E        E           E     E     E  E  E  E  E     
                       D  D        D           D     D     D  D  D  D  D     


N.C. = No Connect. This pin has no internal connection to the device.
VCCINT = Dedicated power pin, which MUST be connected to VCC (5.0 volts).
VCCIO = Dedicated power pin, which MUST be connected to VCC (5.0 volts).
GND = Dedicated ground pin or unused dedicated input, which MUST be connected to GND.
RESERVED = Unused I/O pin, which MUST be left unconnected.

^ = Dedicated configuration pin.
+ = Reserved configuration pin, which is tri-stated during user mode.
* = Reserved configuration pin, which drives out in user mode.
PDn = Power Down pin. 
@ = Special-purpose pin. 
# = JTAG Boundary-Scan Testing/In-System Programming or Configuration Pin. The JTAG inputs TMS and TDI should be tied to VCC and TCK should be tied to GND when not in use.
& = JTAG pin used for I/O. When used as user I/O, JTAG pins must be kept stable before and during configuration.  JTAG pin stability prevents accidental loading of JTAG instructions.


Device-Specific Information:                                 f:\lll666\bjq.rpt
bjq

** RESOURCE USAGE **

                                                Shareable     External
Logic Array Block     Logic Cells   I/O Pins    Expanders   Interconnect

A:     LC1 - LC16     0/16(  0%)   1/ 8( 12%)   0/16(  0%)   0/36(  0%) 
B:    LC17 - LC32     0/16(  0%)   1/ 8( 12%)   0/16(  0%)   0/36(  0%) 
C:    LC33 - LC48     0/16(  0%)   1/ 8( 12%)   0/16(  0%)   0/36(  0%) 
D:    LC49 - LC64     5/16( 31%)   5/ 8( 62%)   0/16(  0%)   2/36(  5%) 
E:    LC65 - LC80     1/16(  6%)   1/ 8( 12%)   0/16(  0%)   2/36(  5%) 
F:    LC81 - LC96     3/16( 18%)   2/ 8( 25%)   4/16( 25%)   9/36( 25%) 
G:   LC97 - LC112     7/16( 43%)   8/ 8(100%)  12/16( 75%)   9/36( 25%) 
H:  LC113 - LC128     0/16(  0%)   0/ 8(  0%)   0/16(  0%)   0/36(  0%) 


Total dedicated input pins used:                 0/4      (  0%)
Total I/O pins used:                            19/64     ( 29%)
Total logic cells used:                         16/128    ( 12%)
Total shareable expanders used:                 16/128    ( 12%)
Total Turbo logic cells used:                   16/128    ( 12%)
Total shareable expanders not available (n/a):   0/128    (  0%)
Average fan-in:                                  6.25
Total fan-in:                                   100

Total input pins required:                       1
Total fast input logic cells required:           0
Total output pins required:                     14
Total bidirectional pins required:               0
Total reserved pins required                     4
Total logic cells required:                     16
Total flipflops required:                       10
Total product terms required:                   53
Total logic cells lending parallel expanders:    0
Total shareable expanders in database:          16

Synthesized logic cells:                         0/ 128   (  0%)



Device-Specific Information:                                 f:\lll666\bjq.rpt
bjq

** INPUTS **

                                         Shareable
                                         Expanders     Fan-In    Fan-Out
 Pin     LC  LAB  Primitive    Code   Total Shared n/a INP  FBK  OUT  FBK  Name
  12    (3)  (A)      INPUT               0      0   0    0    0    4    0  cp


Code:

s = Synthesized pin or logic cell
t = Turbo logic cell
+ = Synchronous flipflop
/ = Slow slew-rate output
! = NOT gate push-back
r = Fitter-inserted logic cell


Device-Specific Information:                                 f:\lll666\bjq.rpt
bjq

** OUTPUTS **

                                         Shareable
                                         Expanders     Fan-In    Fan-Out
 Pin     LC  LAB  Primitive    Code   Total Shared n/a INP  FBK  OUT  FBK  Name
  35     59    D     OUTPUT      t        0      0   0    0    2    0    0  G
  45     67    E     OUTPUT      t        0      0   0    0    2    0    0  G1
  67    104    G         FF      t        0      0   0    1    8    8    2  Q0A (|74192:23|:26)
  68    105    G         FF      t        3      0   0    1    8    8    2  Q0B (|74192:23|:25)
  69    107    G         FF      t        2      0   0    1    8    8    2  Q0C (|74192:23|:24)
  70    109    G         FF      t        1      0   0    1    8    8    2  Q0D (|74192:23|:23)
  61     94    F         FF      t        4      0   0    0    9    8    2  Q1A (|74192:53|:26)
  63     97    G         FF      t        3      0   0    0    8    8    2  Q1B (|74192:53|:25)
  64     99    G         FF      t        2      0   0    0    8    8    2  Q1C (|74192:53|:24)
  65    101    G         FF      t        1      0   0    0    8    8    2  Q1D (|74192:53|:23)
  33     64    D     OUTPUT      t        0      0   0    0    2    0    0  R
  39     53    D     OUTPUT      t        0      0   0    0    2    0    0  R1
  34     61    D     OUTPUT      t        0      0   0    0    2    0    0  Y
  41     49    D     OUTPUT      t        0      0   0    0    2    0    0  Y1


Code:

s = Synthesized pin or logic cell
t = Turbo logic cell
+ = Synchronous flipflop
/ = Slow slew-rate output
! = NOT gate push-back
r = Fitter-inserted logic cell


Device-Specific Information:                                 f:\lll666\bjq.rpt
bjq

** BURIED LOGIC **

                                         Shareable
                                         Expanders     Fan-In    Fan-Out
 Pin     LC  LAB  Primitive    Code   Total Shared n/a INP  FBK  OUT  FBK  Name
   -     81    F       TFFE      t        0      0   0    0    8    7    1  |74107:5|1Q (|74107:5|:1)
   -     82    F       TFFE      t        0      0   0    0    9    6    0  |74107:5|2Q (|74107:5|:2)


Code:

s = Synthesized pin or logic cell
t = Turbo logic cell
+ = Synchronous flipflop
/ = Slow slew-rate output
! = NOT gate push-back
r = Fitter-inserted logic cell


Device-Specific Information:                                 f:\lll666\bjq.rpt
bjq

** LOGIC CELL INTERCONNECTIONS **

Logic Array Block 'D':

                   Logic cells placed in LAB 'D'
        +--------- LC59 G
        | +------- LC64 R
        | | +----- LC53 R1
        | | | +--- LC61 Y
        | | | | +- LC49 Y1
        | | | | | 
        | | | | |   Other LABs fed by signals
        | | | | |   that feed LAB 'D'
LC      | | | | | | A B C D E F G H |     Logic cells that feed LAB 'D':

Pin
LC81 -> * * * * * | - - - * * * - - | <-- |74107:5|1Q
LC82 -> * * * * * | - - - * * - - - | <-- |74107:5|2Q


* = The logic cell or pin is an input to the logic cell (or LAB) through the PIA.
- = The logic cell or pin is not an input to the logic cell (or LAB).


Device-Specific Information:                                 f:\lll666\bjq.rpt
bjq

** LOGIC CELL INTERCONNECTIONS **

Logic Array Block 'E':

           Logic cells placed in LAB 'E'
        +- LC67 G1
        | 
        |   Other LABs fed by signals
        |   that feed LAB 'E'
LC      | | A B C D E F G H |     Logic cells that feed LAB 'E':

Pin
LC81 -> * | - - - * * * - - | <-- |74107:5|1Q
LC82 -> * | - - - * * - - - | <-- |74107:5|2Q


* = The logic cell or pin is an input to the logic cell (or LAB) through the PIA.
- = The logic cell or pin is not an input to the logic cell (or LAB).


Device-Specific Information:                                 f:\lll666\bjq.rpt
bjq

** LOGIC CELL INTERCONNECTIONS **

Logic Array Block 'F':

               Logic cells placed in LAB 'F'
        +----- LC94 Q1A
        | +--- LC81 |74107:5|1Q
        | | +- LC82 |74107:5|2Q
        | | | 
        | | |   Other LABs fed by signals
        | | |   that feed LAB 'F'
LC      | | | | A B C D E F G H |     Logic cells that feed LAB 'F':
LC94 -> * * * | - - - - - * * - | <-- Q1A
LC81 -> * * * | - - - * * * - - | <-- |74107:5|1Q

Pin
LC104-> * * * | - - - - - * * - | <-- Q0A
LC105-> * * * | - - - - - * * - | <-- Q0B
LC107-> * * * | - - - - - * * - | <-- Q0C
LC109-> * * * | - - - - - * * - | <-- Q0D
LC97 -> * * * | - - - - - * * - | <-- Q1B
LC99 -> * * * | - - - - - * * - | <-- Q1C
LC101-> * * * | - - - - - * * - | <-- Q1D


* = The logic cell or pin is an input to the logic cell (or LAB) through the PIA.
- = The logic cell or pin is not an input to the logic cell (or LAB).


Device-Specific Information:                                 f:\lll666\bjq.rpt
bjq

** LOGIC CELL INTERCONNECTIONS **

Logic Array Block 'G':

                       Logic cells placed in LAB 'G'
        +------------- LC104 Q0A
        | +----------- LC105 Q0B
        | | +--------- LC107 Q0C
        | | | +------- LC109 Q0D
        | | | | +----- LC97 Q1B
        | | | | | +--- LC99 Q1C
        | | | | | | +- LC101 Q1D
        | | | | | | | 
        | | | | | | |   Other LABs fed by signals
        | | | | | | |   that feed LAB 'G'
LC      | | | | | | | | A B C D E F G H |     Logic cells that feed LAB 'G':
LC104-> * * * * * * * | - - - - - * * - | <-- Q0A
LC105-> * * * * * * * | - - - - - * * - | <-- Q0B
LC107-> * * * * * * * | - - - - - * * - | <-- Q0C
LC109-> * * * * * * * | - - - - - * * - | <-- Q0D
LC97 -> * * * * * * * | - - - - - * * - | <-- Q1B
LC99 -> * * * * * * * | - - - - - * * - | <-- Q1C
LC101-> * * * * * * * | - - - - - * * - | <-- Q1D

Pin
12   -> * * * * - - - | - - - - - - * - | <-- cp
LC94 -> * * * * * * * | - - - - - * * - | <-- Q1A


* = The logic cell or pin is an input to the logic cell (or LAB) through the PIA.
- = The logic cell or pin is not an input to the logic cell (or LAB).


Device-Specific Information:                                 f:\lll666\bjq.rpt
bjq

** EQUATIONS **

cp       : INPUT;

-- Node name is 'G' 
-- Equation name is 'G', location is LC059, type is output.
 G       = LCELL( _EQ001 $  GND);
  _EQ001 =  _LC081 &  _LC082;

-- Node name is 'G1' 
-- Equation name is 'G1', location is LC067, type is output.
 G1      = LCELL( _EQ002 $  GND);
  _EQ002 =  _LC081 & !_LC082;

-- Node name is 'Q0A' = '|74192:23|QA' 
-- Equation name is 'Q0A', type is output 
 Q0A     = TFFE( VCC,  cp,  VCC, !_EQ003,  VCC);
  _EQ003 = !Q0A & !Q0B & !Q0C & !Q0D & !Q1A & !Q1B & !Q1C & !Q1D;

-- Node name is 'Q0B' = '|74192:23|QB' 
-- Equation name is 'Q0B', type is output 
 Q0B     = TFFE( VCC,  _EQ004, !_EQ005,  VCC,  VCC);
  _EQ004 =  _X001 &  _X002 &  _X003;
  _X001  = EXP(!cp & !Q0A &  Q0C);
  _X002  = EXP(!cp & !Q0A &  Q0D);
  _X003  = EXP(!cp & !Q0A &  Q0B);
  _EQ005 = !Q0A & !Q0B & !Q0C & !Q0D & !Q1A & !Q1B & !Q1C & !Q1D;

-- Node name is 'Q0C' = '|74192:23|QC' 
-- Equation name is 'Q0C', type is output 
 Q0C     = TFFE( VCC,  _EQ006,  VCC, !_EQ007,  VCC);
  _EQ006 =  _X004 &  _X005;
  _X004  = EXP(!cp & !Q0A & !Q0B &  Q0C);
  _X005  = EXP(!cp & !Q0A & !Q0B &  Q0D);
  _EQ007 = !Q0A & !Q0B & !Q0C & !Q0D & !Q1A & !Q1B & !Q1C & !Q1D;

-- Node name is 'Q0D' = '|74192:23|QD' 
-- Equation name is 'Q0D', type is output 
 Q0D     = TFFE( VCC,  _EQ008, !_EQ009,  VCC,  VCC);
  _EQ008 =  _X006;
  _X006  = EXP(!cp & !Q0A & !Q0B & !Q0C);
  _EQ009 = !Q0A & !Q0B & !Q0C & !Q0D & !Q1A & !Q1B & !Q1C & !Q1D;

-- Node name is 'Q1A' = '|74192:53|QA' 
-- Equation name is 'Q1A', type is output 
 Q1A     = TFFE( VCC,  _EQ010, !_EQ011, !_EQ012,  VCC);
  _EQ010 =  _X007 &  _X008 &  _X009 &  _X010;
  _X007  = EXP(!Q0A & !Q0B & !Q0C & !Q0D &  Q1B);
  _X008  = EXP(!Q0A & !Q0B & !Q0C & !Q0D &  Q1A);
  _X009  = EXP(!Q0A & !Q0B & !Q0C & !Q0D &  Q1C);
  _X010  = EXP(!Q0A & !Q0B & !Q0C & !Q0D &  Q1D);
  _EQ011 =  _LC081 & !Q0A & !Q0B & !Q0C & !Q0D & !Q1A & !Q1B & !Q1C & !Q1D;
  _EQ012 = !_LC081 & !Q0A & !Q0B & !Q0C & !Q0D & !Q1A & !Q1B & !Q1C & !Q1D;

-- Node name is 'Q1B' = '|74192:53|QB' 
-- Equation name is 'Q1B', type is output 
 Q1B     = TFFE( VCC,  _EQ013, !_EQ014,  VCC,  VCC);
  _EQ013 =  _X011 &  _X012 &  _X013;
  _X011  = EXP(!Q0A & !Q0B & !Q0C & !Q0D & !Q1A &  Q1C);
  _X012  = EXP(!Q0A & !Q0B & !Q0C & !Q0D & !Q1A &  Q1D);
  _X013  = EXP(!Q0A & !Q0B & !Q0C & !Q0D & !Q1A &  Q1B);
  _EQ014 = !Q0A & !Q0B & !Q0C & !Q0D & !Q1A & !Q1B & !Q1C & !Q1D;

-- Node name is 'Q1C' = '|74192:53|QC' 
-- Equation name is 'Q1C', type is output 
 Q1C     = TFFE( VCC,  _EQ015, !_EQ016,  VCC,  VCC);
  _EQ015 =  _X014 &  _X015;
  _X014  = EXP(!Q0A & !Q0B & !Q0C & !Q0D & !Q1A & !Q1B &  Q1C);
  _X015  = EXP(!Q0A & !Q0B & !Q0C & !Q0D & !Q1A & !Q1B &  Q1D);
  _EQ016 = !Q0A & !Q0B & !Q0C & !Q0D & !Q1A & !Q1B & !Q1C & !Q1D;

-- Node name is 'Q1D' = '|74192:53|QD' 
-- Equation name is 'Q1D', type is output 
 Q1D     = TFFE( VCC,  _EQ017, !_EQ018,  VCC,  VCC);
  _EQ017 =  _X016;
  _X016  = EXP(!Q0A & !Q0B & !Q0C & !Q0D & !Q1A & !Q1B & !Q1C &  Q1D);
  _EQ018 = !Q0A & !Q0B & !Q0C & !Q0D & !Q1A & !Q1B & !Q1C & !Q1D;

-- Node name is 'R' 
-- Equation name is 'R', location is LC064, type is output.
 R       = LCELL( _LC082 $  _LC081);

-- Node name is 'R1' 
-- Equation name is 'R1', location is LC053, type is output.
 R1      = LCELL(!_LC082 $  _LC081);

-- Node name is 'Y' 
-- Equation name is 'Y', location is LC061, type is output.
 Y       = LCELL( _EQ019 $  GND);
  _EQ019 = !_LC081 & !_LC082;

-- Node name is 'Y1' 
-- Equation name is 'Y1', location is LC049, type is output.
 Y1      = LCELL( _EQ020 $  GND);
  _EQ020 = !_LC081 &  _LC082;

-- Node name is '|74107:5|:1' = '|74107:5|1Q' 
-- Equation name is '_LC081', type is buried 
_LC081   = TFFE( VCC,  _EQ021,  VCC,  VCC,  VCC);
  _EQ021 = !Q0A & !Q0B & !Q0C & !Q0D & !Q1A & !Q1B & !Q1C & !Q1D;

-- Node name is '|74107:5|:2' = '|74107:5|2Q' 
-- Equation name is '_LC082', type is buried 
_LC082   = TFFE( _LC081,  _EQ022,  VCC,  VCC,  VCC);
  _EQ022 = !Q0A & !Q0B & !Q0C & !Q0D & !Q1A & !Q1B & !Q1C & !Q1D;



--     Shareable expanders that are duplicated in multiple LABs:
--     (none)




Project Information                                          f:\lll666\bjq.rpt

** COMPILATION SETTINGS & TIMES **

Processing Menu Commands
------------------------

Design Doctor                             = off

Logic Synthesis:

   Synthesis Type Used                    = Standard

   Default Synthesis Style                = NORMAL

      Logic option settings in 'NORMAL' style for 'MAX7000S' family

      DECOMPOSE_GATES                     = on
      DUPLICATE_LOGIC_EXTRACTION          = on
      MINIMIZATION                        = full
      MULTI_LEVEL_FACTORING               = on
      NOT_GATE_PUSH_BACK                  = on
      PARALLEL_EXPANDERS                  = off
      REDUCE_LOGIC                        = on
      REFACTORIZATION                     = on
      REGISTER_OPTIMIZATION               = on
      RESYNTHESIZE_NETWORK                = on
      SLOW_SLEW_RATE                      = off
      SOFT_BUFFER_INSERTION               = on
      SUBFACTOR_EXTRACTION                = on
      TURBO_BIT                           = on
      XOR_SYNTHESIS                       = on
      IGNORE_SOFT_BUFFERS                 = off
      USE_LPM_FOR_AHDL_OPERATORS          = off

   Other logic synthesis settings:

      Automatic Global Clock              = on
      Automatic Global Clear              = on
      Automatic Global Preset             = on
      Automatic Global Output Enable      = on
      Automatic Fast I/O                  = off
      Automatic Register Packing          = off
      Automatic Open-Drain Pins           = on
      Automatic Implement in EAB          = off
      One-Hot State Machine Encoding      = off
      Optimize                            = 5

Default Timing Specifications: None

Cut All Bidir Feedback Timing Paths       = on
Cut All Clear & Preset Timing Paths       = on

Ignore Timing Assignments                 = off

Functional SNF Extractor                  = off

Linked SNF Extractor                      = off
Timing SNF Extractor                      = on
Optimize Timing SNF                       = off
Generate AHDL TDO File                    = off
Fitter Settings                           = NORMAL
Smart Recompile                           = off
Total Recompile                           = off

Interfaces Menu Commands
------------------------

EDIF Netlist Writer                       = off
Verilog Netlist Writer                    = off
VHDL Netlist Writer                       = off

Compilation Times
-----------------

   Compiler Netlist Extractor             00:00:00
   Database Builder                       00:00:00
   Logic Synthesizer                      00:00:00
   Partitioner                            00:00:00
   Fitter                                 00:00:00
   Timing SNF Extractor                   00:00:01
   Assembler                              00:00:02
   --------------------------             --------
   Total Time                             00:00:03


Memory Allocated
-----------------

Peak memory allocated during compilation  = 3,784K
